Arguments: 
  /usr/local/Cellar/node/8.6.0/bin/node /usr/local/Cellar/yarn/1.3.2/libexec/bin/yarn.js build

PATH: 
  /Users/shingdev/.rbenv/shims:/Users/shingdev/.npm-packages/bin:/Users/shingdev/.cargo/bin:/Users/shingdev/Users/shingdev/platform-tools/bin:/usr/local/bin:/usr/local/sbin:~/bin:/usr/local/bin:/Users/shingdev/.nvm/versions/node/v8.9.0/bin:/usr/local/opt/python/libexec/bin:/Applications/Genymotion.app/Contents/MacOS/tools/:/Users/shingdev/Library/Python/2.7/bin:/usr/local/bin:/usr/bin:/bin:/usr/sbin:/sbin:/Users/shingdev/.rbenv/shims:/Users/shingdev/.npm-packages/bin:/Users/shingdev/.cargo/bin:/Users/shingdev/Users/shingdev/platform-tools/bin:/usr/local/sbin:~/bin:/usr/local/opt/python/libexec/bin:/Applications/Genymotion.app/Contents/MacOS/tools/:/Users/shingdev/Library/Python/2.7/bin

Yarn version: 
  1.3.2

Node version: 
  8.6.0

Platform: 
  darwin x64

npm manifest: 
  {
    "name": "with-reason-cssgrid-music",
    "private": true,
    "version": "0.1.0",
    "description": "css-grid images with reasonml demo",
    "main": "index.js",
    "scripts": {
      "start": "webpack-dev-server --open",
      "build": "bsb -make-world -w",
      "clean": "bsb -clean-world",
      "prepare": "npm link bs-platform"
    },
    "keywords": [
      "reason",
      "css-grid",
      "reason-react",
      "sass"
    ],
    "author": "Alain Armand <aarmand.inbox@gmail.com>",
    "license": "ISC",
    "dependencies": {
      "react": "^16.1.1",
      "react-dom": "^16.1.1",
      "reason-react": "^0.3.0"
    },
    "devDependencies": {
      "autoprefixer": "^7.1.6",
      "bs-loader": "^2.0.0",
      "bs-platform": "^2.0.0",
      "clean-webpack-plugin": "^0.1.17",
      "css-loader": "^0.28.7",
      "extract-text-webpack-plugin": "^3.0.2",
      "file-loader": "^1.1.5",
      "html-webpack-plugin": "^2.30.1",
      "node-sass": "^4.7.1",
      "postcss-loader": "^2.0.8",
      "sass-loader": "^6.0.6",
      "style-loader": "^0.19.0",
      "url-loader": "^0.6.2",
      "webpack": "^3.8.1",
      "webpack-dev-server": "^2.9.4"
    }
  }

yarn manifest: 
  No manifest

Lockfile: 
  No lockfile

Trace: 
  Error: spawn /bin/sh ENFILE
      at _errnoException (util.js:1019:11)
      at Process.ChildProcess._handle.onexit (internal/child_process.js:192:19)
      at onErrorNT (internal/child_process.js:374:16)
      at _combinedTickCallback (internal/process/next_tick.js:138:11)
      at process._tickCallback (internal/process/next_tick.js:180:9)
